c:\users\jason\source\repos\halo 3 remake\halo 3 remake\x64\debug\imgui.obj
c:\users\jason\source\repos\halo 3 remake\halo 3 remake\x64\debug\pointlight.obj
c:\users\jason\source\repos\halo 3 remake\halo 3 remake\x64\debug\imguimanager.obj
c:\users\jason\source\repos\halo 3 remake\halo 3 remake\x64\debug\indexbuffer.obj
c:\users\jason\source\repos\halo 3 remake\halo 3 remake\x64\debug\dxgiinfomanager.obj
c:\users\jason\source\repos\halo 3 remake\halo 3 remake\x64\debug\vertexbuffer.obj
c:\users\jason\source\repos\halo 3 remake\halo 3 remake\x64\debug\app.obj
c:\users\jason\source\repos\halo 3 remake\halo 3 remake\x64\debug\winmain.obj
c:\users\jason\source\repos\halo 3 remake\halo 3 remake\x64\debug\dxerr.obj
c:\users\jason\source\repos\halo 3 remake\halo 3 remake\x64\debug\skinnedbox.obj
c:\users\jason\source\repos\halo 3 remake\halo 3 remake\x64\debug\imgui_widgets.obj
c:\users\jason\source\repos\halo 3 remake\halo 3 remake\x64\debug\pixelshader.obj
c:\users\jason\source\repos\halo 3 remake\halo 3 remake\x64\debug\imgui_tables.obj
c:\users\jason\source\repos\halo 3 remake\halo 3 remake\x64\debug\inputlayout.obj
c:\users\jason\source\repos\halo 3 remake\halo 3 remake\x64\debug\imgui_impl_dx11.obj
c:\users\jason\source\repos\halo 3 remake\halo 3 remake\x64\debug\transformcbuf.obj
c:\users\jason\source\repos\halo 3 remake\halo 3 remake\x64\debug\camera.obj
c:\users\jason\source\repos\halo 3 remake\halo 3 remake\x64\debug\topology.obj
c:\users\jason\source\repos\halo 3 remake\halo 3 remake\x64\debug\graphics.obj
c:\users\jason\source\repos\halo 3 remake\halo 3 remake\x64\debug\windowsmessagemap.obj
c:\users\jason\source\repos\halo 3 remake\halo 3 remake\x64\debug\drawable.obj
c:\users\jason\source\repos\halo 3 remake\halo 3 remake\x64\debug\vertexshader.obj
c:\users\jason\source\repos\halo 3 remake\halo 3 remake\x64\debug\imgui_impl_win32.obj
c:\users\jason\source\repos\halo 3 remake\halo 3 remake\x64\debug\keyboard.obj
c:\users\jason\source\repos\halo 3 remake\halo 3 remake\x64\debug\pyramid.obj
c:\users\jason\source\repos\halo 3 remake\halo 3 remake\x64\debug\gdiplusmanager.obj
c:\users\jason\source\repos\halo 3 remake\halo 3 remake\x64\debug\sampler.obj
c:\users\jason\source\repos\halo 3 remake\halo 3 remake\x64\debug\chiliexecption.obj
c:\users\jason\source\repos\halo 3 remake\halo 3 remake\x64\debug\surface.obj
c:\users\jason\source\repos\halo 3 remake\halo 3 remake\x64\debug\imgui_draw.obj
c:\users\jason\source\repos\halo 3 remake\halo 3 remake\x64\debug\melon.obj
c:\users\jason\source\repos\halo 3 remake\halo 3 remake\x64\debug\imgui_demo.obj
c:\users\jason\source\repos\halo 3 remake\halo 3 remake\x64\debug\mouse.obj
c:\users\jason\source\repos\halo 3 remake\halo 3 remake\x64\debug\sheet.obj
c:\users\jason\source\repos\halo 3 remake\halo 3 remake\x64\debug\chilitimer.obj
c:\users\jason\source\repos\halo 3 remake\halo 3 remake\x64\debug\solidsphere.obj
c:\users\jason\source\repos\halo 3 remake\halo 3 remake\x64\debug\box.obj
c:\users\jason\source\repos\halo 3 remake\halo 3 remake\x64\debug\bindable.obj
c:\users\jason\source\repos\halo 3 remake\halo 3 remake\x64\debug\texture.obj
c:\users\jason\source\repos\halo 3 remake\halo 3 remake\x64\debug\cameracontainer.obj
c:\users\jason\source\repos\halo 3 remake\halo 3 remake\x64\debug\window.obj
c:\users\jason\source\repos\halo 3 remake\halo 3 remake\x64\debug\asstest.obj
c:\users\jason\source\repos\halo 3 remake\halo 3 remake\x64\debug\cylinder.obj
c:\users\jason\source\repos\halo 3 remake\halo 3 remake\x64\debug\vertex.obj
c:\users\jason\source\repos\halo 3 remake\halo 3 remake\x64\debug\model.obj
c:\users\jason\source\repos\halo 3 remake\halo 3 remake\x64\debug\color.obj
c:\users\jason\source\repos\halo 3 remake\halo 3 remake\x64\debug\testplane.obj
c:\users\jason\source\repos\halo 3 remake\halo 3 remake\x64\debug\transformcbufdoubleboi.obj
c:\users\jason\source\repos\halo 3 remake\halo 3 remake\x64\debug\testcube.obj
c:\users\jason\source\repos\halo 3 remake\halo 3 remake\x64\debug\chilixm.obj
c:\users\jason\source\repos\halo 3 remake\halo 3 remake\x64\debug\texturepreprocessor.obj
c:\users\jason\source\repos\halo 3 remake\halo 3 remake\x64\debug\vc143.pdb
c:\users\jason\source\repos\halo 3 remake\halo 3 remake\x64\debug\vc143.idb
c:\users\jason\source\repos\halo 3 remake\halo 3 remake\solidvs.cso
c:\users\jason\source\repos\halo 3 remake\halo 3 remake\solidps.cso
c:\users\jason\source\repos\halo 3 remake\halo 3 remake\phongvsnormalmap.cso
c:\users\jason\source\repos\halo 3 remake\halo 3 remake\phongvsnotex.cso
c:\users\jason\source\repos\halo 3 remake\halo 3 remake\phongps.cso
c:\users\jason\source\repos\halo 3 remake\halo 3 remake\phongpsnormalmap.cso
c:\users\jason\source\repos\halo 3 remake\halo 3 remake\phongpsnormalmapobject.cso
c:\users\jason\source\repos\halo 3 remake\halo 3 remake\phongpsspecmap.cso
c:\users\jason\source\repos\halo 3 remake\halo 3 remake\phongpsspecnormalmap.cso
c:\users\jason\source\repos\halo 3 remake\halo 3 remake\phongpsspec.cso
c:\users\jason\source\repos\halo 3 remake\halo 3 remake\phongvs.cso
c:\users\jason\source\repos\halo 3 remake\halo 3 remake\phongpsnotex.cso
c:\users\jason\source\repos\halo 3 remake\x64\debug\halo 3 remake.exe
c:\users\jason\source\repos\halo 3 remake\halo 3 remake\x64\debug\halo 3 remake.ilk
c:\users\jason\source\repos\halo 3 remake\x64\debug\halo 3 remake.pdb
c:\users\jason\source\repos\halo 3 remake\halo 3 remake\x64\debug\halo 3 remake.res
c:\users\jason\source\repos\halo 3 remake\halo 3 remake\x64\debug\app.obj.enc
c:\users\jason\source\repos\halo 3 remake\halo 3 remake\x64\debug\model.obj.enc
c:\users\jason\source\repos\halo 3 remake\halo 3 remake\x64\debug\halo 3 remake.tlog\cl.command.1.tlog
c:\users\jason\source\repos\halo 3 remake\halo 3 remake\x64\debug\halo 3 remake.tlog\cl.read.1.tlog
c:\users\jason\source\repos\halo 3 remake\halo 3 remake\x64\debug\halo 3 remake.tlog\cl.write.1.tlog
c:\users\jason\source\repos\halo 3 remake\halo 3 remake\x64\debug\halo 3 remake.tlog\fxc.command.1.tlog
c:\users\jason\source\repos\halo 3 remake\halo 3 remake\x64\debug\halo 3 remake.tlog\fxc.read.1.tlog
c:\users\jason\source\repos\halo 3 remake\halo 3 remake\x64\debug\halo 3 remake.tlog\fxc.write.1.tlog
c:\users\jason\source\repos\halo 3 remake\halo 3 remake\x64\debug\halo 3 remake.tlog\link.command.1.tlog
c:\users\jason\source\repos\halo 3 remake\halo 3 remake\x64\debug\halo 3 remake.tlog\link.read.1.tlog
c:\users\jason\source\repos\halo 3 remake\halo 3 remake\x64\debug\halo 3 remake.tlog\link.write.1.tlog
c:\users\jason\source\repos\halo 3 remake\halo 3 remake\x64\debug\halo 3 remake.tlog\rc.command.1.tlog
c:\users\jason\source\repos\halo 3 remake\halo 3 remake\x64\debug\halo 3 remake.tlog\rc.read.1.tlog
c:\users\jason\source\repos\halo 3 remake\halo 3 remake\x64\debug\halo 3 remake.tlog\rc.write.1.tlog
